# JRE version: Java(TM) SE Runtime Environment (21.0.2+13) (build 21.0.2+13-LTS-58)
# Java VM: Java HotSpot(TM) 64-Bit Server VM (21.0.2+13-LTS-58, mixed mode, sharing, tiered, compressed oops, compressed class ptrs, g1 gc, windows-amd64)
GC Precious Log:
 CardTable entry size: 512
 Card Set container configuration: InlinePtr #cards 5 size 8 Array Of Cards #cards 12 size 40 Howl #buckets 4 coarsen threshold 1843 Howl Bitmap #cards 512 size 80 coarsen threshold 460 Card regions per heap region 1 cards per card region 2048
 CPUs: 12 total, 12 available
 Memory: 7521M
 Large Page Support: Disabled
 NUMA Support: Disabled
 Compressed Oops: Enabled (32-bit)
 Heap Region Size: 1M
 Heap Min Capacity: 8M
 Heap Initial Capacity: 118M
 Heap Max Capacity: 1882M
 Pre-touch: Disabled
 Parallel Workers: 10
 Concurrent Workers: 3
 Concurrent Refinement Workers: 10
 Periodic GC: Disabled
Heap:
 garbage-first heap   total 71680K, used 35052K [0x000000008a600000, 0x0000000100000000)
  region size 1024K, 11 young (11264K), 2 survivors (2048K)
 Metaspace       used 36547K, committed 37184K, reserved 1114112K
  class space    used 4656K, committed 4928K, reserved 1048576K
GC Heap History (16 events):
Event: 2.698 GC heap before
{Heap before GC invocations=0 (full 0):
 garbage-first heap   total 120832K, used 28672K [0x000000008a600000, 0x0000000100000000)
  region size 1024K, 23 young (23552K), 0 survivors (0K)
 Metaspace       used 4607K, committed 4800K, reserved 1114112K
  class space    used 458K, committed 512K, reserved 1048576K
}
Event: 2.726 GC heap after
{Heap after GC invocations=1 (full 0):
 garbage-first heap   total 120832K, used 13312K [0x000000008a600000, 0x0000000100000000)
  region size 1024K, 3 young (3072K), 3 survivors (3072K)
 Metaspace       used 4607K, committed 4800K, reserved 1114112K
  class space    used 458K, committed 512K, reserved 1048576K
}
Event: 5.456 GC heap before
{Heap before GC invocations=1 (full 0):
 garbage-first heap   total 120832K, used 30720K [0x000000008a600000, 0x0000000100000000)
  region size 1024K, 20 young (20480K), 3 survivors (3072K)
 Metaspace       used 9183K, committed 9408K, reserved 1114112K
  class space    used 1031K, committed 1152K, reserved 1048576K
}
Event: 5.477 GC heap after
{Heap after GC invocations=2 (full 0):
 garbage-first heap   total 120832K, used 17058K [0x000000008a600000, 0x0000000100000000)
  region size 1024K, 3 young (3072K), 3 survivors (3072K)
 Metaspace       used 9183K, committed 9408K, reserved 1114112K
  class space    used 1031K, committed 1152K, reserved 1048576K
}
Event: 7.201 GC heap before
{Heap before GC invocations=2 (full 0):
 garbage-first heap   total 120832K, used 43682K [0x000000008a600000, 0x0000000100000000)
  region size 1024K, 29 young (29696K), 3 survivors (3072K)
 Metaspace       used 15401K, committed 15680K, reserved 1114112K
  class space    used 1993K, committed 2112K, reserved 1048576K
}
Event: 7.208 GC heap after
{Heap after GC invocations=3 (full 0):
 garbage-first heap   total 120832K, used 19591K [0x000000008a600000, 0x0000000100000000)
  region size 1024K, 3 young (3072K), 3 survivors (3072K)
 Metaspace       used 15401K, committed 15680K, reserved 1114112K
  class space    used 1993K, committed 2112K, reserved 1048576K
}
Event: 7.569 GC heap before
{Heap before GC invocations=3 (full 0):
 garbage-first heap   total 120832K, used 47239K [0x000000008a600000, 0x0000000100000000)
  region size 1024K, 32 young (32768K), 3 survivors (3072K)
 Metaspace       used 21231K, committed 21504K, reserved 1114112K
  class space    used 2612K, committed 2752K, reserved 1048576K
}
Event: 7.575 GC heap after
{Heap after GC invocations=4 (full 0):
 garbage-first heap   total 120832K, used 22458K [0x000000008a600000, 0x0000000100000000)
  region size 1024K, 5 young (5120K), 5 survivors (5120K)
 Metaspace       used 21231K, committed 21504K, reserved 1114112K
  class space    used 2612K, committed 2752K, reserved 1048576K
}
Event: 8.462 GC heap before
{Heap before GC invocations=5 (full 0):
 garbage-first heap   total 71680K, used 57274K [0x000000008a600000, 0x0000000100000000)
  region size 1024K, 42 young (43008K), 5 survivors (5120K)
 Metaspace       used 24676K, committed 24960K, reserved 1114112K
  class space    used 3079K, committed 3200K, reserved 1048576K
}
Event: 8.473 GC heap after
{Heap after GC invocations=6 (full 0):
 garbage-first heap   total 71680K, used 21816K [0x000000008a600000, 0x0000000100000000)
  region size 1024K, 6 young (6144K), 6 survivors (6144K)
 Metaspace       used 24676K, committed 24960K, reserved 1114112K
  class space    used 3079K, committed 3200K, reserved 1048576K
}
Event: 10.934 GC heap before
{Heap before GC invocations=6 (full 0):
 garbage-first heap   total 71680K, used 54584K [0x000000008a600000, 0x0000000100000000)
  region size 1024K, 38 young (38912K), 6 survivors (6144K)
 Metaspace       used 28643K, committed 28992K, reserved 1114112K
  class space    used 3614K, committed 3776K, reserved 1048576K
}
Event: 10.948 GC heap after
{Heap after GC invocations=7 (full 0):
 garbage-first heap   total 71680K, used 23476K [0x000000008a600000, 0x0000000100000000)
  region size 1024K, 3 young (3072K), 3 survivors (3072K)
 Metaspace       used 28643K, committed 28992K, reserved 1114112K
  class space    used 3614K, committed 3776K, reserved 1048576K
}
Event: 11.823 GC heap before
{Heap before GC invocations=7 (full 0):
 garbage-first heap   total 71680K, used 57268K [0x000000008a600000, 0x0000000100000000)
  region size 1024K, 36 young (36864K), 3 survivors (3072K)
 Metaspace       used 33989K, committed 34496K, reserved 1114112K
  class space    used 4273K, committed 4544K, reserved 1048576K
}
Event: 11.832 GC heap after
{Heap after GC invocations=8 (full 0):
 garbage-first heap   total 71680K, used 25600K [0x000000008a600000, 0x0000000100000000)
  region size 1024K, 5 young (5120K), 5 survivors (5120K)
 Metaspace       used 33989K, committed 34496K, reserved 1114112K
  class space    used 4273K, committed 4544K, reserved 1048576K
}
Event: 12.284 GC heap before
{Heap before GC invocations=8 (full 0):
 garbage-first heap   total 71680K, used 37888K [0x000000008a600000, 0x0000000100000000)
  region size 1024K, 17 young (17408K), 5 survivors (5120K)
 Metaspace       used 35635K, committed 36096K, reserved 1114112K
  class space    used 4509K, committed 4736K, reserved 1048576K
}
Event: 12.298 GC heap after
{Heap after GC invocations=9 (full 0):
 garbage-first heap   total 71680K, used 26860K [0x000000008a600000, 0x0000000100000000)
  region size 1024K, 2 young (2048K), 2 survivors (2048K)
 Metaspace       used 35635K, committed 36096K, reserved 1114112K
  class space    used 4509K, committed 4736K, reserved 1048576K
}

