# JRE version: Java(TM) SE Runtime Environment (21.0.2+13) (build 21.0.2+13-LTS-58)
# Java VM: Java HotSpot(TM) 64-Bit Server VM (21.0.2+13-LTS-58, mixed mode, sharing, tiered, compressed oops, compressed class ptrs, g1 gc, windows-amd64)
GC Precious Log:
 CardTable entry size: 512
 Card Set container configuration: InlinePtr #cards 5 size 8 Array Of Cards #cards 12 size 40 Howl #buckets 4 coarsen threshold 1843 Howl Bitmap #cards 512 size 80 coarsen threshold 460 Card regions per heap region 1 cards per card region 2048
 CPUs: 12 total, 12 available
 Memory: 7521M
 Large Page Support: Disabled
 NUMA Support: Disabled
 Compressed Oops: Enabled (32-bit)
 Heap Region Size: 1M
 Heap Min Capacity: 8M
 Heap Initial Capacity: 118M
 Heap Max Capacity: 1882M
 Pre-touch: Disabled
 Parallel Workers: 10
 Concurrent Workers: 3
 Concurrent Refinement Workers: 10
 Periodic GC: Disabled
Heap:
 garbage-first heap   total 119808K, used 44300K [0x000000008a600000, 0x0000000100000000)
  region size 1024K, 14 young (14336K), 1 survivors (1024K)
 Metaspace       used 64771K, committed 65856K, reserved 1114112K
  class space    used 7863K, committed 8384K, reserved 1048576K
GC Heap History (20 events):
Event: 40844.426 GC heap before
{Heap before GC invocations=171 (full 0):
 garbage-first heap   total 119808K, used 102650K [0x000000008a600000, 0x0000000100000000)
  region size 1024K, 70 young (71680K), 1 survivors (1024K)
 Metaspace       used 64772K, committed 65856K, reserved 1114112K
  class space    used 7864K, committed 8384K, reserved 1048576K
}
Event: 40844.479 GC heap after
{Heap after GC invocations=172 (full 0):
 garbage-first heap   total 119808K, used 33016K [0x000000008a600000, 0x0000000100000000)
  region size 1024K, 1 young (1024K), 1 survivors (1024K)
 Metaspace       used 64772K, committed 65856K, reserved 1114112K
  class space    used 7864K, committed 8384K, reserved 1048576K
}
Event: 41193.039 GC heap before
{Heap before GC invocations=172 (full 0):
 garbage-first heap   total 119808K, used 102648K [0x000000008a600000, 0x0000000100000000)
  region size 1024K, 70 young (71680K), 1 survivors (1024K)
 Metaspace       used 64772K, committed 65856K, reserved 1114112K
  class space    used 7864K, committed 8384K, reserved 1048576K
}
Event: 41193.105 GC heap after
{Heap after GC invocations=173 (full 0):
 garbage-first heap   total 119808K, used 32980K [0x000000008a600000, 0x0000000100000000)
  region size 1024K, 1 young (1024K), 1 survivors (1024K)
 Metaspace       used 64772K, committed 65856K, reserved 1114112K
  class space    used 7864K, committed 8384K, reserved 1048576K
}
Event: 41542.615 GC heap before
{Heap before GC invocations=173 (full 0):
 garbage-first heap   total 119808K, used 103636K [0x000000008a600000, 0x0000000100000000)
  region size 1024K, 70 young (71680K), 1 survivors (1024K)
 Metaspace       used 64772K, committed 65856K, reserved 1114112K
  class space    used 7864K, committed 8384K, reserved 1048576K
}
Event: 41544.949 GC heap after
{Heap after GC invocations=174 (full 0):
 garbage-first heap   total 119808K, used 33047K [0x000000008a600000, 0x0000000100000000)
  region size 1024K, 1 young (1024K), 1 survivors (1024K)
 Metaspace       used 64772K, committed 65856K, reserved 1114112K
  class space    used 7864K, committed 8384K, reserved 1048576K
}
Event: 41560.958 GC heap before
{Heap before GC invocations=175 (full 0):
 garbage-first heap   total 119808K, used 37143K [0x000000008a600000, 0x0000000100000000)
  region size 1024K, 5 young (5120K), 1 survivors (1024K)
 Metaspace       used 64772K, committed 65856K, reserved 1114112K
  class space    used 7864K, committed 8384K, reserved 1048576K
}
Event: 41561.071 GC heap after
{Heap after GC invocations=176 (full 0):
 garbage-first heap   total 171008K, used 32983K [0x000000008a600000, 0x0000000100000000)
  region size 1024K, 1 young (1024K), 1 survivors (1024K)
 Metaspace       used 64772K, committed 65856K, reserved 1114112K
  class space    used 7864K, committed 8384K, reserved 1048576K
}
Event: 41764.355 GC heap before
{Heap before GC invocations=176 (full 0):
 garbage-first heap   total 171008K, used 75991K [0x000000008a600000, 0x0000000100000000)
  region size 1024K, 44 young (45056K), 1 survivors (1024K)
 Metaspace       used 64773K, committed 65856K, reserved 1114112K
  class space    used 7864K, committed 8384K, reserved 1048576K
}
Event: 41764.404 GC heap after
{Heap after GC invocations=177 (full 0):
 garbage-first heap   total 171008K, used 33018K [0x000000008a600000, 0x0000000100000000)
  region size 1024K, 1 young (1024K), 1 survivors (1024K)
 Metaspace       used 64773K, committed 65856K, reserved 1114112K
  class space    used 7864K, committed 8384K, reserved 1048576K
}
Event: 42265.100 GC heap before
{Heap before GC invocations=177 (full 0):
 garbage-first heap   total 171008K, used 133370K [0x000000008a600000, 0x0000000100000000)
  region size 1024K, 100 young (102400K), 1 survivors (1024K)
 Metaspace       used 64773K, committed 65856K, reserved 1114112K
  class space    used 7864K, committed 8384K, reserved 1048576K
}
Event: 42268.241 GC heap after
{Heap after GC invocations=178 (full 0):
 garbage-first heap   total 171008K, used 32970K [0x000000008a600000, 0x0000000100000000)
  region size 1024K, 1 young (1024K), 1 survivors (1024K)
 Metaspace       used 64773K, committed 65856K, reserved 1114112K
  class space    used 7864K, committed 8384K, reserved 1048576K
}
Event: 42282.315 GC heap before
{Heap before GC invocations=179 (full 0):
 garbage-first heap   total 119808K, used 37066K [0x000000008a600000, 0x0000000100000000)
  region size 1024K, 5 young (5120K), 1 survivors (1024K)
 Metaspace       used 64769K, committed 65856K, reserved 1114112K
  class space    used 7863K, committed 8384K, reserved 1048576K
}
Event: 42282.321 GC heap after
{Heap after GC invocations=180 (full 0):
 garbage-first heap   total 119808K, used 33020K [0x000000008a600000, 0x0000000100000000)
  region size 1024K, 1 young (1024K), 1 survivors (1024K)
 Metaspace       used 64769K, committed 65856K, reserved 1114112K
  class space    used 7863K, committed 8384K, reserved 1048576K
}
Event: 42300.348 GC heap before
{Heap before GC invocations=180 (full 0):
 garbage-first heap   total 119808K, used 37116K [0x000000008a600000, 0x0000000100000000)
  region size 1024K, 5 young (5120K), 1 survivors (1024K)
 Metaspace       used 64769K, committed 65856K, reserved 1114112K
  class space    used 7863K, committed 8384K, reserved 1048576K
}
Event: 42300.351 GC heap after
{Heap after GC invocations=181 (full 0):
 garbage-first heap   total 119808K, used 33037K [0x000000008a600000, 0x0000000100000000)
  region size 1024K, 1 young (1024K), 1 survivors (1024K)
 Metaspace       used 64769K, committed 65856K, reserved 1114112K
  class space    used 7863K, committed 8384K, reserved 1048576K
}
Event: 42626.267 GC heap before
{Heap before GC invocations=181 (full 0):
 garbage-first heap   total 119808K, used 102669K [0x000000008a600000, 0x0000000100000000)
  region size 1024K, 70 young (71680K), 1 survivors (1024K)
 Metaspace       used 64769K, committed 65856K, reserved 1114112K
  class space    used 7863K, committed 8384K, reserved 1048576K
}
Event: 42626.376 GC heap after
{Heap after GC invocations=182 (full 0):
 garbage-first heap   total 119808K, used 33024K [0x000000008a600000, 0x0000000100000000)
  region size 1024K, 1 young (1024K), 1 survivors (1024K)
 Metaspace       used 64769K, committed 65856K, reserved 1114112K
  class space    used 7863K, committed 8384K, reserved 1048576K
}
Event: 42974.286 GC heap before
{Heap before GC invocations=183 (full 0):
 garbage-first heap   total 119808K, used 102656K [0x000000008a600000, 0x0000000100000000)
  region size 1024K, 70 young (71680K), 1 survivors (1024K)
 Metaspace       used 64771K, committed 65856K, reserved 1114112K
  class space    used 7863K, committed 8384K, reserved 1048576K
}
Event: 42974.344 GC heap after
{Heap after GC invocations=184 (full 0):
 garbage-first heap   total 119808K, used 33036K [0x000000008a600000, 0x0000000100000000)
  region size 1024K, 1 young (1024K), 1 survivors (1024K)
 Metaspace       used 64771K, committed 65856K, reserved 1114112K
  class space    used 7863K, committed 8384K, reserved 1048576K
}

