# JRE version: Java(TM) SE Runtime Environment (21.0.2+13) (build 21.0.2+13-LTS-58)
# Java VM: Java HotSpot(TM) 64-Bit Server VM (21.0.2+13-LTS-58, mixed mode, sharing, tiered, compressed oops, compressed class ptrs, g1 gc, windows-amd64)
GC Precious Log:
 CardTable entry size: 512
 Card Set container configuration: InlinePtr #cards 5 size 8 Array Of Cards #cards 12 size 40 Howl #buckets 4 coarsen threshold 1843 Howl Bitmap #cards 512 size 80 coarsen threshold 460 Card regions per heap region 1 cards per card region 2048
 CPUs: 12 total, 12 available
 Memory: 7521M
 Large Page Support: Disabled
 NUMA Support: Disabled
 Compressed Oops: Enabled (32-bit)
 Heap Region Size: 1M
 Heap Min Capacity: 8M
 Heap Initial Capacity: 118M
 Heap Max Capacity: 1882M
 Pre-touch: Disabled
 Parallel Workers: 10
 Concurrent Workers: 3
 Concurrent Refinement Workers: 10
 Periodic GC: Disabled
Heap:
 garbage-first heap   total 138240K, used 95150K [0x000000008a600000, 0x0000000100000000)
  region size 1024K, 51 young (52224K), 3 survivors (3072K)
 Metaspace       used 82872K, committed 84160K, reserved 1179648K
  class space    used 10883K, committed 11392K, reserved 1048576K
GC Heap History (20 events):
Event: 10.517 GC heap before
{Heap before GC invocations=17 (full 0):
 garbage-first heap   total 95232K, used 82928K [0x000000008a600000, 0x0000000100000000)
  region size 1024K, 42 young (43008K), 5 survivors (5120K)
 Metaspace       used 74692K, committed 75456K, reserved 1114112K
  class space    used 9835K, committed 10176K, reserved 1048576K
}
Event: 10.522 GC heap after
{Heap after GC invocations=18 (full 0):
 garbage-first heap   total 114688K, used 46692K [0x000000008a600000, 0x0000000100000000)
  region size 1024K, 5 young (5120K), 5 survivors (5120K)
 Metaspace       used 74692K, committed 75456K, reserved 1114112K
  class space    used 9835K, committed 10176K, reserved 1048576K
}
Event: 10.919 GC heap before
{Heap before GC invocations=18 (full 0):
 garbage-first heap   total 114688K, used 100964K [0x000000008a600000, 0x0000000100000000)
  region size 1024K, 58 young (59392K), 5 survivors (5120K)
 Metaspace       used 75928K, committed 76736K, reserved 1179648K
  class space    used 10009K, committed 10368K, reserved 1048576K
}
Event: 10.924 GC heap after
{Heap after GC invocations=19 (full 0):
 garbage-first heap   total 114688K, used 49116K [0x000000008a600000, 0x0000000100000000)
  region size 1024K, 7 young (7168K), 7 survivors (7168K)
 Metaspace       used 75928K, committed 76736K, reserved 1179648K
  class space    used 10009K, committed 10368K, reserved 1048576K
}
Event: 11.341 GC heap before
{Heap before GC invocations=20 (full 0):
 garbage-first heap   total 114688K, used 99292K [0x000000008a600000, 0x0000000100000000)
  region size 1024K, 56 young (57344K), 7 survivors (7168K)
 Metaspace       used 76934K, committed 77760K, reserved 1179648K
  class space    used 10196K, committed 10560K, reserved 1048576K
}
Event: 11.347 GC heap after
{Heap after GC invocations=21 (full 0):
 garbage-first heap   total 114688K, used 51814K [0x000000008a600000, 0x0000000100000000)
  region size 1024K, 6 young (6144K), 6 survivors (6144K)
 Metaspace       used 76934K, committed 77760K, reserved 1179648K
  class space    used 10196K, committed 10560K, reserved 1048576K
}
Event: 11.732 GC heap before
{Heap before GC invocations=21 (full 0):
 garbage-first heap   total 114688K, used 99942K [0x000000008a600000, 0x0000000100000000)
  region size 1024K, 53 young (54272K), 6 survivors (6144K)
 Metaspace       used 78078K, committed 78912K, reserved 1179648K
  class space    used 10353K, committed 10752K, reserved 1048576K
}
Event: 11.738 GC heap after
{Heap after GC invocations=22 (full 0):
 garbage-first heap   total 114688K, used 52956K [0x000000008a600000, 0x0000000100000000)
  region size 1024K, 5 young (5120K), 5 survivors (5120K)
 Metaspace       used 78078K, committed 78912K, reserved 1179648K
  class space    used 10353K, committed 10752K, reserved 1048576K
}
Event: 12.340 GC heap before
{Heap before GC invocations=22 (full 0):
 garbage-first heap   total 114688K, used 102108K [0x000000008a600000, 0x0000000100000000)
  region size 1024K, 53 young (54272K), 5 survivors (5120K)
 Metaspace       used 78797K, committed 79680K, reserved 1179648K
  class space    used 10446K, committed 10816K, reserved 1048576K
}
Event: 12.346 GC heap after
{Heap after GC invocations=23 (full 0):
 garbage-first heap   total 114688K, used 54865K [0x000000008a600000, 0x0000000100000000)
  region size 1024K, 4 young (4096K), 4 survivors (4096K)
 Metaspace       used 78797K, committed 79680K, reserved 1179648K
  class space    used 10446K, committed 10816K, reserved 1048576K
}
Event: 12.764 GC heap before
{Heap before GC invocations=24 (full 0):
 garbage-first heap   total 114688K, used 102993K [0x000000008a600000, 0x0000000100000000)
  region size 1024K, 51 young (52224K), 4 survivors (4096K)
 Metaspace       used 79339K, committed 80192K, reserved 1179648K
  class space    used 10543K, committed 10944K, reserved 1048576K
}
Event: 12.770 GC heap after
{Heap after GC invocations=25 (full 0):
 garbage-first heap   total 114688K, used 56832K [0x000000008a600000, 0x0000000100000000)
  region size 1024K, 4 young (4096K), 4 survivors (4096K)
 Metaspace       used 79339K, committed 80192K, reserved 1179648K
  class space    used 10543K, committed 10944K, reserved 1048576K
}
Event: 13.201 GC heap before
{Heap before GC invocations=25 (full 0):
 garbage-first heap   total 114688K, used 102912K [0x000000008a600000, 0x0000000100000000)
  region size 1024K, 49 young (50176K), 4 survivors (4096K)
 Metaspace       used 80176K, committed 81088K, reserved 1179648K
  class space    used 10682K, committed 11136K, reserved 1048576K
}
Event: 13.207 GC heap after
{Heap after GC invocations=26 (full 0):
 garbage-first heap   total 138240K, used 58083K [0x000000008a600000, 0x0000000100000000)
  region size 1024K, 4 young (4096K), 4 survivors (4096K)
 Metaspace       used 80176K, committed 81088K, reserved 1179648K
  class space    used 10682K, committed 11136K, reserved 1048576K
}
Event: 5321.648 GC heap before
{Heap before GC invocations=26 (full 0):
 garbage-first heap   total 138240K, used 124643K [0x000000008a600000, 0x0000000100000000)
  region size 1024K, 69 young (70656K), 4 survivors (4096K)
 Metaspace       used 83271K, committed 84160K, reserved 1179648K
  class space    used 11013K, committed 11392K, reserved 1048576K
}
Event: 5321.802 GC heap after
{Heap after GC invocations=27 (full 0):
 garbage-first heap   total 138240K, used 58809K [0x000000008a600000, 0x0000000100000000)
  region size 1024K, 5 young (5120K), 5 survivors (5120K)
 Metaspace       used 83271K, committed 84160K, reserved 1179648K
  class space    used 11013K, committed 11392K, reserved 1048576K
}
Event: 13747.325 GC heap before
{Heap before GC invocations=28 (full 0):
 garbage-first heap   total 138240K, used 123321K [0x000000008a600000, 0x0000000100000000)
  region size 1024K, 68 young (69632K), 5 survivors (5120K)
 Metaspace       used 82854K, committed 84160K, reserved 1179648K
  class space    used 10881K, committed 11392K, reserved 1048576K
}
Event: 13747.386 GC heap after
{Heap after GC invocations=29 (full 0):
 garbage-first heap   total 138240K, used 57135K [0x000000008a600000, 0x0000000100000000)
  region size 1024K, 3 young (3072K), 3 survivors (3072K)
 Metaspace       used 82854K, committed 84160K, reserved 1179648K
  class space    used 10881K, committed 11392K, reserved 1048576K
}
Event: 22905.558 GC heap before
{Heap before GC invocations=29 (full 0):
 garbage-first heap   total 138240K, used 125743K [0x000000008a600000, 0x0000000100000000)
  region size 1024K, 70 young (71680K), 3 survivors (3072K)
 Metaspace       used 82869K, committed 84160K, reserved 1179648K
  class space    used 10882K, committed 11392K, reserved 1048576K
}
Event: 22905.665 GC heap after
{Heap after GC invocations=30 (full 0):
 garbage-first heap   total 138240K, used 47022K [0x000000008a600000, 0x0000000100000000)
  region size 1024K, 3 young (3072K), 3 survivors (3072K)
 Metaspace       used 82869K, committed 84160K, reserved 1179648K
  class space    used 10882K, committed 11392K, reserved 1048576K
}

