# JRE version: Java(TM) SE Runtime Environment (21.0.2+13) (build 21.0.2+13-LTS-58)
# Java VM: Java HotSpot(TM) 64-Bit Server VM (21.0.2+13-LTS-58, mixed mode, sharing, tiered, compressed oops, compressed class ptrs, g1 gc, windows-amd64)
GC Precious Log:
 CardTable entry size: 512
 Card Set container configuration: InlinePtr #cards 5 size 8 Array Of Cards #cards 12 size 40 Howl #buckets 4 coarsen threshold 1843 Howl Bitmap #cards 512 size 80 coarsen threshold 460 Card regions per heap region 1 cards per card region 2048
 CPUs: 12 total, 12 available
 Memory: 7521M
 Large Page Support: Disabled
 NUMA Support: Disabled
 Compressed Oops: Enabled (32-bit)
 Heap Region Size: 1M
 Heap Min Capacity: 8M
 Heap Initial Capacity: 118M
 Heap Max Capacity: 1882M
 Pre-touch: Disabled
 Parallel Workers: 10
 Concurrent Workers: 3
 Concurrent Refinement Workers: 10
 Periodic GC: Disabled
Heap:
 garbage-first heap   total 95232K, used 35040K [0x000000008a600000, 0x0000000100000000)
  region size 1024K, 9 young (9216K), 3 survivors (3072K)
 Metaspace       used 36003K, committed 36480K, reserved 1114112K
  class space    used 4358K, committed 4544K, reserved 1048576K
GC Heap History (14 events):
Event: 0.656 GC heap before
{Heap before GC invocations=0 (full 0):
 garbage-first heap   total 120832K, used 30720K [0x000000008a600000, 0x0000000100000000)
  region size 1024K, 23 young (23552K), 0 survivors (0K)
 Metaspace       used 3496K, committed 3712K, reserved 1114112K
  class space    used 345K, committed 448K, reserved 1048576K
}
Event: 0.667 GC heap after
{Heap after GC invocations=1 (full 0):
 garbage-first heap   total 120832K, used 15840K [0x000000008a600000, 0x0000000100000000)
  region size 1024K, 3 young (3072K), 3 survivors (3072K)
 Metaspace       used 3496K, committed 3712K, reserved 1114112K
  class space    used 345K, committed 448K, reserved 1048576K
}
Event: 1.194 GC heap before
{Heap before GC invocations=1 (full 0):
 garbage-first heap   total 120832K, used 34272K [0x000000008a600000, 0x0000000100000000)
  region size 1024K, 21 young (21504K), 3 survivors (3072K)
 Metaspace       used 8921K, committed 9152K, reserved 1114112K
  class space    used 1013K, committed 1088K, reserved 1048576K
}
Event: 1.202 GC heap after
{Heap after GC invocations=2 (full 0):
 garbage-first heap   total 120832K, used 18907K [0x000000008a600000, 0x0000000100000000)
  region size 1024K, 3 young (3072K), 3 survivors (3072K)
 Metaspace       used 8921K, committed 9152K, reserved 1114112K
  class space    used 1013K, committed 1088K, reserved 1048576K
}
Event: 1.711 GC heap before
{Heap before GC invocations=2 (full 0):
 garbage-first heap   total 120832K, used 50651K [0x000000008a600000, 0x0000000100000000)
  region size 1024K, 35 young (35840K), 3 survivors (3072K)
 Metaspace       used 17692K, committed 18048K, reserved 1114112K
  class space    used 2019K, committed 2176K, reserved 1048576K
}
Event: 1.718 GC heap after
{Heap after GC invocations=3 (full 0):
 garbage-first heap   total 120832K, used 22103K [0x000000008a600000, 0x0000000100000000)
  region size 1024K, 4 young (4096K), 4 survivors (4096K)
 Metaspace       used 17692K, committed 18048K, reserved 1114112K
  class space    used 2019K, committed 2176K, reserved 1048576K
}
Event: 1.956 GC heap before
{Heap before GC invocations=3 (full 0):
 garbage-first heap   total 120832K, used 35415K [0x000000008a600000, 0x0000000100000000)
  region size 1024K, 18 young (18432K), 4 survivors (4096K)
 Metaspace       used 21208K, committed 21504K, reserved 1114112K
  class space    used 2504K, committed 2624K, reserved 1048576K
}
Event: 1.962 GC heap after
{Heap after GC invocations=4 (full 0):
 garbage-first heap   total 120832K, used 23945K [0x000000008a600000, 0x0000000100000000)
  region size 1024K, 5 young (5120K), 5 survivors (5120K)
 Metaspace       used 21208K, committed 21504K, reserved 1114112K
  class space    used 2504K, committed 2624K, reserved 1048576K
}
Event: 2.799 GC heap before
{Heap before GC invocations=5 (full 0):
 garbage-first heap   total 78848K, used 61833K [0x000000008a600000, 0x0000000100000000)
  region size 1024K, 46 young (47104K), 5 survivors (5120K)
 Metaspace       used 25530K, committed 25920K, reserved 1114112K
  class space    used 2997K, committed 3200K, reserved 1048576K
}
Event: 2.814 GC heap after
{Heap after GC invocations=6 (full 0):
 garbage-first heap   total 95232K, used 24754K [0x000000008a600000, 0x0000000100000000)
  region size 1024K, 6 young (6144K), 6 survivors (6144K)
 Metaspace       used 25530K, committed 25920K, reserved 1114112K
  class space    used 2997K, committed 3200K, reserved 1048576K
}
Event: 3.761 GC heap before
{Heap before GC invocations=6 (full 0):
 garbage-first heap   total 95232K, used 72882K [0x000000008a600000, 0x0000000100000000)
  region size 1024K, 53 young (54272K), 6 survivors (6144K)
 Metaspace       used 30530K, committed 30848K, reserved 1114112K
  class space    used 3690K, committed 3840K, reserved 1048576K
}
Event: 3.777 GC heap after
{Heap after GC invocations=7 (full 0):
 garbage-first heap   total 95232K, used 27492K [0x000000008a600000, 0x0000000100000000)
  region size 1024K, 4 young (4096K), 4 survivors (4096K)
 Metaspace       used 30530K, committed 30848K, reserved 1114112K
  class space    used 3690K, committed 3840K, reserved 1048576K
}
Event: 5.479 GC heap before
{Heap before GC invocations=7 (full 0):
 garbage-first heap   total 95232K, used 62308K [0x000000008a600000, 0x0000000100000000)
  region size 1024K, 39 young (39936K), 4 survivors (4096K)
 Metaspace       used 35586K, committed 35968K, reserved 1114112K
  class space    used 4313K, committed 4480K, reserved 1048576K
}
Event: 5.487 GC heap after
{Heap after GC invocations=8 (full 0):
 garbage-first heap   total 95232K, used 29920K [0x000000008a600000, 0x0000000100000000)
  region size 1024K, 3 young (3072K), 3 survivors (3072K)
 Metaspace       used 35586K, committed 35968K, reserved 1114112K
  class space    used 4313K, committed 4480K, reserved 1048576K
}

