# JRE version: Java(TM) SE Runtime Environment (21.0.2+13) (build 21.0.2+13-LTS-58)
# Java VM: Java HotSpot(TM) 64-Bit Server VM (21.0.2+13-LTS-58, mixed mode, sharing, tiered, compressed oops, compressed class ptrs, g1 gc, windows-amd64)
GC Precious Log:
 CardTable entry size: 512
 Card Set container configuration: InlinePtr #cards 5 size 8 Array Of Cards #cards 12 size 40 Howl #buckets 4 coarsen threshold 1843 Howl Bitmap #cards 512 size 80 coarsen threshold 460 Card regions per heap region 1 cards per card region 2048
 CPUs: 12 total, 12 available
 Memory: 7521M
 Large Page Support: Disabled
 NUMA Support: Disabled
 Compressed Oops: Enabled (32-bit)
 Heap Region Size: 1M
 Heap Min Capacity: 8M
 Heap Initial Capacity: 118M
 Heap Max Capacity: 1882M
 Pre-touch: Disabled
 Parallel Workers: 10
 Concurrent Workers: 3
 Concurrent Refinement Workers: 10
 Periodic GC: Disabled
Heap:
 garbage-first heap   total 95232K, used 36314K [0x000000008a600000, 0x0000000100000000)
  region size 1024K, 13 young (13312K), 3 survivors (3072K)
 Metaspace       used 29399K, committed 29760K, reserved 1114112K
  class space    used 3512K, committed 3712K, reserved 1048576K
GC Heap History (12 events):
Event: 1.584 GC heap before
{Heap before GC invocations=0 (full 0):
 garbage-first heap   total 120832K, used 30720K [0x000000008a600000, 0x0000000100000000)
  region size 1024K, 23 young (23552K), 0 survivors (0K)
 Metaspace       used 3497K, committed 3712K, reserved 1114112K
  class space    used 345K, committed 448K, reserved 1048576K
}
Event: 1.664 GC heap after
{Heap after GC invocations=1 (full 0):
 garbage-first heap   total 120832K, used 16000K [0x000000008a600000, 0x0000000100000000)
  region size 1024K, 3 young (3072K), 3 survivors (3072K)
 Metaspace       used 3497K, committed 3712K, reserved 1114112K
  class space    used 345K, committed 448K, reserved 1048576K
}
Event: 2.576 GC heap before
{Heap before GC invocations=1 (full 0):
 garbage-first heap   total 120832K, used 30336K [0x000000008a600000, 0x0000000100000000)
  region size 1024K, 17 young (17408K), 3 survivors (3072K)
 Metaspace       used 7870K, committed 8064K, reserved 1114112K
  class space    used 850K, committed 960K, reserved 1048576K
}
Event: 2.598 GC heap after
{Heap after GC invocations=2 (full 0):
 garbage-first heap   total 120832K, used 19024K [0x000000008a600000, 0x0000000100000000)
  region size 1024K, 3 young (3072K), 3 survivors (3072K)
 Metaspace       used 7870K, committed 8064K, reserved 1114112K
  class space    used 850K, committed 960K, reserved 1048576K
}
Event: 3.542 GC heap before
{Heap before GC invocations=2 (full 0):
 garbage-first heap   total 120832K, used 41552K [0x000000008a600000, 0x0000000100000000)
  region size 1024K, 25 young (25600K), 3 survivors (3072K)
 Metaspace       used 13910K, committed 14272K, reserved 1114112K
  class space    used 1639K, committed 1792K, reserved 1048576K
}
Event: 3.547 GC heap after
{Heap after GC invocations=3 (full 0):
 garbage-first heap   total 120832K, used 20995K [0x000000008a600000, 0x0000000100000000)
  region size 1024K, 2 young (2048K), 2 survivors (2048K)
 Metaspace       used 13910K, committed 14272K, reserved 1114112K
  class space    used 1639K, committed 1792K, reserved 1048576K
}
Event: 4.308 GC heap before
{Heap before GC invocations=3 (full 0):
 garbage-first heap   total 120832K, used 46595K [0x000000008a600000, 0x0000000100000000)
  region size 1024K, 29 young (29696K), 2 survivors (2048K)
 Metaspace       used 21230K, committed 21504K, reserved 1114112K
  class space    used 2503K, committed 2624K, reserved 1048576K
}
Event: 4.329 GC heap after
{Heap after GC invocations=4 (full 0):
 garbage-first heap   total 120832K, used 24240K [0x000000008a600000, 0x0000000100000000)
  region size 1024K, 5 young (5120K), 5 survivors (5120K)
 Metaspace       used 21230K, committed 21504K, reserved 1114112K
  class space    used 2503K, committed 2624K, reserved 1048576K
}
Event: 10.996 GC heap before
{Heap before GC invocations=5 (full 0):
 garbage-first heap   total 75776K, used 61104K [0x000000008a600000, 0x0000000100000000)
  region size 1024K, 44 young (45056K), 5 survivors (5120K)
 Metaspace       used 25523K, committed 25856K, reserved 1114112K
  class space    used 2995K, committed 3136K, reserved 1048576K
}
Event: 11.140 GC heap after
{Heap after GC invocations=6 (full 0):
 garbage-first heap   total 75776K, used 25849K [0x000000008a600000, 0x0000000100000000)
  region size 1024K, 5 young (5120K), 5 survivors (5120K)
 Metaspace       used 25523K, committed 25856K, reserved 1114112K
  class space    used 2995K, committed 3136K, reserved 1048576K
}
Event: 24.558 GC heap before
{Heap before GC invocations=6 (full 0):
 garbage-first heap   total 75776K, used 56569K [0x000000008a600000, 0x0000000100000000)
  region size 1024K, 35 young (35840K), 5 survivors (5120K)
 Metaspace       used 28556K, committed 28928K, reserved 1114112K
  class space    used 3384K, committed 3584K, reserved 1048576K
}
Event: 24.683 GC heap after
{Heap after GC invocations=7 (full 0):
 garbage-first heap   total 95232K, used 27098K [0x000000008a600000, 0x0000000100000000)
  region size 1024K, 3 young (3072K), 3 survivors (3072K)
 Metaspace       used 28556K, committed 28928K, reserved 1114112K
  class space    used 3384K, committed 3584K, reserved 1048576K
}

